10
100
1000
10000
100008586
100008589
10001
10002
10003
100036519
100037417
10004
100049076
100049587
10005
10006
10007
10008
10009
100093631
100093698
1001
10010
100101267
100101467
100101490
100101629
10011
100113386
100125288
100127888
100128076
100128164
100128264
100128285
100128327
100128573
100128593
100128675
100128782
100128927
100129034
100129196
100129213
100129216
100129250
100129271
100129354
100129405
100129424
100129534
100129543
100129636
100129845
100129885
10013
100130017
100130086
100130311
100130331
100130418
100130581
100130673
100130691
100130733
100130744
100130776
100130849
100130855
100130872
100130894
100130935
100130958
100131094
100131137
100131205
100131320
100131390
100131454
100131626
100131655
100131816
100131980
100131998
100132101
100132163
100132285
100132288
100132352
100132396
100132399
100132417
100132463
100132526
100132594
100132618
100132707
100132724
100132831
100132832
100132891
100132911
100132923
100133050
100133171
100133234
100133267
100133286
100133308
100133311
100133920
100133957
100134444
100134868
100137049
10014
100144748
10015
10016
100169890
100169989
10017
10018
100188893
100188949
100188954
10019
100190938
100190939
100192420
1002
10020
10021
100216479
10023
100233156
100233209
10024
10025
10026
100268168
100271835
100271836
100271849
100271927
100286844
100286922
100286938
100286979
100287029
100287042
100287072
100287102
100287144
100287171
100287178
100287205
100287226
100287238
100287327
100287364
100287404
100287441
100287478
100287513
100287534
100287559
100287596
100287616
100287632
100287639
100287704
100287722
100287834
100287932
100288079
100288332
100288346
100288486
100288520
100288524
100288570
100288695
100288730
100288778
100289092
100289388
100289462
100289509
100289561
100289673
100293534
1003
100302652
100302692
100302736
100302739
100303453
100303728
100303755
100306975
100329109
100335030
10036
100379220
10038
10039
1004
10040
10042
100423062
10043
100431172
10044
10045
10046
10048
10049
100499466
1005
10050
100500773
100505503
100505624
100505641
100505648
100505666
100505681
100505696
100505881
100506012
100506060
100506071
100506084
100506164
100506243
100506321
100506422
100506428
100506492
100506649
100506658
100506742
100506746
100506866
100506874
100506888
100506898
100507034
100507250
100507297
100507334
100507346
100507373
100507401
100507423
100507424
100507436
100507463
100507500
100507501
100507577
100507679
10051
10052
100526664
100526694
100526737
100526739
100526760
100526761
100526767
100526771
100526794
100526830
100526831
100526833
100526835
100526836
100526837
100526842
100527949
100527950
100527963
100527964
100528007
100528016
100528017
100528018
100528021
100528022
100528030
100528031
100528032
100529063
100529097
100529145
100529207
100529209
100529211
100529215
100529241
100529251
100529261
100529262
100529264
100529855
10053
100532724
100532726
100532731
100532732
100532737
100532742
100532746
100533105
100533107
100533179
100533181
100533184
100533195
100533467
100533483
100533952
100533955
100533970
100533990
100534012
100534589
100534592
100534593
100534599
100534612
10054
10055
10056
10057
10058
10059
1006
10060
10061
100616668
10062
10063
100631383
100652739
100652740
100652759
100652770
100652781
100652883
100652999
10066
10067
10068
1007
10072
10073
10075
100750225
10076
10077
10079
1008
10081
100820829
10083
10084
10085
100852408
100861412
100861532
100861540
100862671
100862728
10087
100873932
100873954
100873965
100873989
100874028
100874095
100874123
100874128
100874237
100874243
100874366
100885778
100885848
100885850
10089
1009
10090
10092
10093
10094
10095
10096
10097
100996485
100996648
100996712
100996939
101
1010
10100
10102
10105
101059948
10106
101060200
10107
10109
10110
101101776
10111
10112
10113
10114
10116
10117
101180901
1012
10121
10123
10124
101243544
101243545
10125
10126
10127
10128
1013
10130
10131
10133
10134
10135
10136
10138
10139
1014
10140
10141
10142
10143
10144
10146
10147
10148
10149
1015
10150
10151
10152
10153
10154
10155
10156
10157
10159
1016
10160
10161
10162
10163
10164
10165
10166
10168
10169
1017
10170
10171
10172
10174
10175
10178
10179
1018
10180
10181
10188
10189
1019
10190
10193
10195
10196
10197
10198
10199
102
1020
10200
10201
10202
10203
10204
10205
10206
10207
10208
10209
1021
10210
10212
10213
10214
10215
10216
10217
10218
10219
1022
10220
10221
10224
10225
10226
10227
10228
10229
10230
10231
10232
10234
10235
10236
10237
10238
10239
1024
10241
10242
10243
10244
10245
10246
10247
10248
10249
1025
10250
10251
10252
10253
10254
10256
10257
1026
10260
10261
10262
10265
10266
10267
10268
10269
1027
10270
10272
10273
10274
10276
10277
10278
10279
1028
10280
10282
10283
10284
10285
10286
10287
10288
10289
1029
10290
10291
10293
10294
10295
10296
10297
10298
10299
103
1030
10300
10302
10308
10309
1031
10311
10312
10313
10314
10316
10317
10318
10319
1032
10320
10321
10324
10325
10326
10327
1033
10331
10332
10333
10335
10342
10343
10344
10345
10346
10347
10349
10350
10351
10352
1036
10361
10362
10363
10365
10367
10368
10369
10370
10371
10376
10379
10380
10381
10382
10383
10385
10388
10389
10390
10391
103910
10392
10393
10394
10395
10396
10397
10398
10399
104
1040
10400
10401
10402
10403
10404
10406
10407
10409
1041
10410
10411
10412
10413
10417
10418
10419
10420
10421
10423
10424
10425
10426
10427
10428
1043
10432
10434
10435
10436
10437
10438
10439
1044
10440
10444
10445
10446
10447
10449
1045
10450
10451
10452
10454
10455
10457
10458
10459
1046
10460
10461
10462
10463
10465
10466
10468
10469
1047
10471
10472
10474
10475
10476
10477
10478
10479
10480
10481
10482
10483
10484
10486
10487
10488
10490
10491
10492
10493
10494
10495
10497
10498
10499
105
1050
10500
10501
10505
10507
10509
1051
10512
10513
10514
10516
10519
1052
10520
10521
10522
10523
10524
10525
10526
10527
10528
10529
1053
10531
10533
10534
10535
10536
10537
10538
10539
1054
10540
10541
10542
10544
10548
10549
10550
10551
10552
10553
10554
10555
10556
10557
10558
10559
1056
10560
10561
10562
10563
10564
10565
10566
10567
10568
10569
1057
10570
10572
10573
10574
10575
10576
10577
10578
1058
10580
10581
10585
10586
10587
10588
10589
1059
10591
10592
10594
10595
10597
10598
10599
1060
10600
10602
10603
10605
10606
10607
10608
10609
10610
10611
10612
10613
10614
10615
10616
10617
1062
10621
10622
10623
10625
10626
10628
10629
10630
10631
10632
10633
10635
10636
10637
10638
10640
10641
10642
10643
10644
10645
10651
10652
10653
10654
10655
10656
10657
10658
10659
1066
10660
10661
10663
10664
10666
10667
10668
10669
10670
10671
10672
10673
10675
10677
10678
1068
10681
10682
10683
10686
10687
1069
10690
10692
10693
10694
10695
10699
107
1070
1071
10713
10714
10715
10716
10717
10718
1072
10720
10721
10723
10724
10725
10726
10728
10730
10732
10733
10734
10735
10736
10741
10742
10743
10744
10745
10746
10747
10749
1075
10750
10752
10753
10755
10758
10761
10762
10763
10765
10766
10767
10768
10769
10771
10772
10775
10776
10780
10782
10783
10785
10786
10787
10788
10791
10793
10794
10795
10797
10798
10799
108
1080
10800
10801
10802
10803
10804
10806
10808
1081
10810
10811
10813
10814
10815
10817
10818
1082
10825
10826
1084
10840
10841
10842
10844
10845
10846
10847
10848
10849
10850
10855
10856
10857
10858
10859
10861
10863
10864
10865
10866
10868
10869
1087
10871
10873
10874
10875
10876
10877
10878
1088
10882
10884
10886
10887
10888
10890
10891
10892
10893
10894
10895
10896
10897
10898
109
10900
10901
10902
10904
10905
10906
10907
10908
10910
10911
10912
10913
10914
10915
10917
10919
10921
10922
10923
10924
10926
10927
10928
10929
10930
10933
10935
10936
10938
10939
10940
10941
10942
10943
10945
10946
10947
10948
10949
10950
10951
10952
10953
10954
10955
10956
10959
10960
10961
10962
10963
10964
10965
10966
10969
10971
10972
10975
10978
10979
10980
10981
10982
10983
10985
10987
10988
10990
10991
10992
10993
10998
10999
11000
11001
11004
11005
11006
11007
11009
1101
11010
11011
11012
11014
11015
11016
11017
11018
11019
11020
11021
11023
11024
11025
11026
11027
1103
11030
11031
11033
11034
11035
11036
11037
11039
1104
11040
11041
11042
11044
11045
11046
11047
1105
11051
11052
11054
11055
11057
11059
1106
11060
11061
11062
11063
11064
11065
11066
11068
11069
1107
11070
11072
11073
11075
11076
11077
11078
11079
1108
11080
11081
11082
11083
11085
11086
1109
11091
11093
11095
11096
11097
11098
11099
111
11100
11101
11102
11103
11104
11105
11107
11108
1111
11112
11113
11116
11117
11118
11119
1112
11120
11122
11123
11124
11126
11127
11128
1113
11130
11131
11132
11133
11135
11136
11138
11140
11141
11142
11143
11144
11145
11146
11149
11151
11152
11153
11154
11156
11157
11158
11159
1116
11160
11161
11163
11164
11165
11166
11167
11168
1117
11170
11171
11172
11173
11174
11176
11177
11178
11179
1118
11180
11181
11182
11183
11184
11185
11186
11187
11188
11189
1119
11190
11191
11193
11194
11196
11197
11198
112
1120
11200
11201
11202
1121
11211
11213
11214
11215
11216
11218
11219
1122
11221
11222
11224
11226
11227
11228
1123
11230
11231
11232
11234
11235
11236
11238
112398
112399
1124
11240
112401
11243
11244
11245
11247
112476
11248
112487
11249
112495
11250
11251
11252
11253
11254
11255
11257
112574
11258
11260
112609
11261
112616
11262
11266
11267
11269
112714
112724
11274
112744
11275
112755
11276
11277
11278
11279
1128
11280
112802
11281
112812
11282
11283
11284
11285
112858
112869
1129
112936
112937
112939
112950
113
1130
113000
113026
11309
1131
11311
11313
113130
11314
11315
113157
11316
11317
113174
113178
113179
11318
113189
11319
1132
11320
113220
113235
11325
11326
113278
11328
11329
1133
11330
11331
11332
11333
11334
11335
11336
11337
11338
11339
1134
11340
113402
11341
113419
11342
11343
11345
113451
113457
11346
1135
113540
1136
113612
113622
113675
113691
1137
113746
1138
113802
113878
1139
114
1140
114026
114044
114049
114088
1141
114131
114132
114134
1142
114299
1143
114335
114336
1144
1145
114548
114571
1146
114609
1147
114757
114758
114760
114769
114770
114771
114780
114781
114787
114789
114790
114791
114798
114799
114803
114805
114814
114815
114819
114821
114822
114824
114876
114879
114880
114881
114882
114883
114884
114885
114897
114898
1149
114902
114908
114971
115
115019
115024
115106
115111
115123
115196
1152
115201
115207
115209
115265
115286
115290
115294
1153
1154
115426
1155
115509
115557
115584
115650
115677
115701
115703
115704
115708
115727
115752
115761
1158
115817
115827
115861
1159
115908
115950
116
1160
116028
116039
116068
116071
116085
116092
1161
116113
116123
116138
116143
116150
116173
116179
116255
116285
1163
116328
116337
116362
116369
116372
116379
1164
116442
116443
116444
116447
116448
116449
116461
116496
116511
116512
116519
116535
116832
116840
116842
116843
116844
116931
116969
116983
116984
116985
116986
116987
116988
117
117143
117144
117145
117154
117155
117166
117177
117178
117194
117195
117196
117246
117247
117283
117285
117289
1173
1174
1175
117531
117581
117583
117584
1176
117608
1178
117854
1179
118
1180
1181
1182
1183
1184
118424
118427
118432
118433
118460
1185
1186
118672
1187
118738
1188
118813
118856
118980
118987
119
119016
1191
119180
1192
1193
119385
119391
119392
1195
119504
119548
119559
119587
1196
119678
119679
119682
119687
119692
119694
119695
1197
119749
119764
119765
119772
119774
1198
12
120
1200
120065
120066
120071
1201
120103
120227
120237
1203
120425
120526
120586
1207
120775
120776
120787
120793
120796
1208
120863
120892
1209
1211
121129
121130
1212
121214
121260
121268
121274
121275
121278
1213
121340
121364
121441
121456
121457
1215
121512
121536
121549
121599
121601
121642
121643
121665
122011
122042
122402
122481
122553
122618
122622
122704
122706
122740
122742
122748
122809
122945
122961
122970
123
1230
123016
123041
123096
123099
123169
1232
123228
123263
123283
1233
1234
1235
1236
123606
123624
1237
1238
123803
123811
123872
123876
123879
123920
124
1240
124056
1241
124221
124222
124274
124359
1244
124404
124411
124454
124460
124535
124538
124540
124565
124583
124590
124602
124626
124641
124739
124751
124790
124857
124872
124912
124935
124936
124944
124976
124995
125
125058
125061
125111
125150
125206
125336
1258
1259
125919
125958
125962
125963
125965
125972
125981
125997
126
1260
126003
126006
126068
126069
1261
126119
126129
126133
1262
126208
126295
1263
126321
126328
126370
126374
126375
126382
126393
1264
126402
126410
126433
1265
126520
126541
1266
126626
1267
126789
126792
1268
1269
126961
126969
127
1270
127059
127062
127064
127066
127068
127069
127074
127077
1271
127124
1272
127247
127253
127281
127343
127385
127396
127435
127534
127550
127602
127623
1277
127700
1278
127829
127833
127845
127933
128
1281
128102
128178
128209
128239
128272
128308
128312
128338
128360
128366
128367
128368
128371
128372
128408
128486
128488
1285
128553
1286
128637
128674
128866
128869
128872
1289
128954
1290
129049
1291
129138
1292
1293
129303
129401
129446
129450
129521
129530
129531
129607
129642
129684
129685
1297
129787
129804
129831
129880
13
130
1300
130013
130075
1301
130106
130120
1302
1303
130340
130367
130399
130497
1305
130507
130535
130540
130557
130560
130589
1306
1307
130749
130752
1308
130951
131
1310
131096
1311
131118
131177
1312
131375
1314
131405
131450
131474
1315
131566
1316
131601
131669
1317
1318
131873
131890
131965
132
132001
132112
132158
132160
132204
132320
1325
1326
132612
132625
132660
132671
1327
132724
132789
132851
132864
1329
132949
133
133022
133060
133121
133308
133396
133418
133522
133584
1337
133746
1339
134
1340
134083
134111
134187
134218
134266
134353
134359
134429
134430
1345
134510
134526
134549
1346
134637
134701
134728
134829
134860
134864
1349
134957
135
1350
1351
135112
135152
1352
135250
135295
1353
1355
1356
1357
1358
1359
135924
135935
135941
135946
135948
136
1360
136051
1361
1362
136227
136242
1363
136306
136319
136371
1364
1365
136541
1366
1368
1369
136991
1370
137075
1371
1373
137362
1374
137492
1375
1376
137682
137735
137814
137868
137872
137902
137964
137970
1380
138009
1381
138151
1382
138307
1384
138428
138474
1385
1386
138639
1387
138715
138799
1388
138802
138803
138804
138805
138881
138882
138883
1389
1390
139065
139189
1392
139201
1393
139324
139378
1394
139411
1395
139596
139628
1397
139728
139735
139760
1398
139818
139886
1399
14
140
1400
140032
1401
1404
140456
140458
140459
140460
140461
140462
140465
140467
140469
140564
140576
140578
140596
1406
140609
140612
140628
140678
140679
140685
140690
140691
1407
140730
140732
140735
140738
140739
140766
140767
140776
1408
140801
140803
140809
140823
140825
140838
140850
140880
140881
140885
140890
1409
140901
141
1410
1411
1413
1414
1415
1416
1417
1418
1419
142
1420
1421
142678
142679
142680
142683
142684
142685
142686
142689
1427
1428
142827
142891
1429
142910
142913
142940
143
143098
1431
143162
143187
1432
143244
143279
143282
143384
1434
143425
143458
143471
143496
1435
143502
143503
143570
1436
143686
143689
1437
143872
1439
1440
1441
144100
144124
144125
144132
144165
144193
144195
1442
144233
144245
1443
144348
1444
144423
144453
144455
1445
144568
144699
1447
144715
144983
145165
145173
1452
145226
145241
145258
145264
145270
1453
145389
1454
145482
1455
145553
1456
1457
145748
145781
145814
145864
145873
1459
146
1460
146050
146057
146167
146183
146198
1462
146212
146223
146225
146279
1463
146310
1464
146433
146434
146456
1465
146540
146542
146547
1466
146691
146713
146754
146760
146771
1468
146802
146850
146852
146862
146880
146909
146956
147
147015
147040
1471
147166
147183
147323
147372
1474
147407
147409
147495
1475
1476
147657
147658
147686
147687
147694
147699
1477
147746
1478
147804
147841
1479
147912
147923
147929
147948
147949
147968
148
148003
148022
148103
148156
148170
1482
148229
148252
148254
148266
148268
148281
148327
148479
148581
1486
1487
148713
148738
148789
1488
148808
148867
1489
148979
1490
149069
1491
149111
149233
149281
1493
149371
149420
149428
149461
1495
1496
149620
149628
149685
1497
149708
1499
149951
149998
15
150
1500
150000
150084
150094
1501
150159
150160
150209
150223
150274
150280
150290
1503
150353
150365
150372
150379
1504
150465
150483
150572
1506
150677
150681
150684
150737
150763
150776
150786
1508
1509
150921
150962
151
1510
151011
151056
1511
151112
1512
151234
151242
151246
151258
151295
1513
1514
151449
151473
151475
1515
151507
151516
151531
151534
151556
151636
151648
151651
1517
151742
151887
151888
1519
151987
152
1520
152015
1521
152110
152185
1522
152273
1523
152302
152330
1524
152404
1525
152503
152518
152519
152573
152579
152586
152687
152789
1528
152831
152926
152992
153
153020
153090
153129
153163
153201
153218
153222
153241
153328
1534
153478
1535
153562
153572
1536
1537
153743
1538
1539
154
1540
154007
154043
154064
154091
154141
154214
1543
1544
1545
154664
154754
154796
1548
154807
154860
154881
1549
155
155054
155061
1551
155184
1553
155370
155382
1555
1556
1557
1558
1559
156
1562
1564
1565
157
1571
1572
157285
1573
157313
157506
157570
1576
157680
1577
157724
157739
157753
157777
157807
157855
157869
1579
158
1580
158056
158062
158067
1581
158131
158135
158158
158160
1582
1583
158326
158399
1584
158431
158471
1585
158506
158511
158586
1586
1587
158763
1588
158800
158833
158835
158866
158880
1589
158983
159
1590
1591
159119
159125
159163
159195
1592
159296
1593
1594
1595
159963
16
160
1600
1601
1602
160287
1603
160313
1604
160428
1605
1606
160622
1607
160728
160760
1608
160851
1609
161
1610
1611
161176
1612
161247
161253
1613
161357
161497
1615
161514
161582
1616
161635
1617
161742
1618
161823
161829
161882
161931
162
1620
1621
1622
162239
162394
162417
162466
162494
162514
162632
162655
162699
1627
1628
1629
162962
162963
162967
162972
162979
162989
162993
162998
163
1630
163049
163050
163059
163071
163081
163087
163126
163183
1632
163255
1633
163351
1634
163486
1635
163589
1636
163702
163720
163742
163786
1638
163882
1639
164
164022
164091
1641
1642
1643
164380
164395
1644
1645
1646
164656
164684
1647
164832
1649
165
1650
165082
165140
1652
1653
1654
1655
165530
1656
165679
165721
1659
165904
165918
166
1660
166012
1663
166336
166378
166379
1665
1666
166614
166647
1667
166752
1668
166824
1669
166929
167
1670
1671
167153
1672
167227
1673
167359
1674
1675
167555
1676
167681
167691
1677
1678
167826
168374
168417
168433
168448
168451
168507
168544
168620
168667
1687
1690
169026
169166
169270
169355
169436
169522
169611
169714
169792
169841
169981
170302
170384
170482
170572
170689
170690
170691
170692
170825
170850
171017
171019
171023
171169
171177
171220
171392
171423
171425
171489
171490
171546
171558
171568
1716
1717
1718
1719
172
1720
1723
1725
1727
1728
1729
173
1730
1731
1733
1734
1735
1736
1737
1738
1739
174
1740
1741
1742
1743
1745
1746
1747
1748
1749
175
1750
1755
1756
1757
1758
1759
1760
1761
1762
1763
1767
1768
177
1770
1773
1774
1775
1776
1777
1778
178
1780
1781
1783
1785
1786
1787
1788
1789
1791
1793
1794
1795
1796
1798
18
1800
1801
1802
1803
1804
1805
1806
1807
1808
1809
181
1810
1811
1812
1813
1814
1815
1816
1819
182
1820
1821
1822
1823
1824
1825
1826
1827
1828
1829
183
1830
1831
1832
1833
1834
1836
1837
1839
1840
1841
1842
1843
1844
1845
1846
1847
1848
1849
185
1850
1852
1854
1855
1856
1857
1859
186
1861
1869
187
1870
1871
1874
1875
1876
1877
1879
1880
1889
189
1890
1891
1892
1893
1894
1896
19
190
1901
1902
1903
1906
1907
1908
1909
191
1910
1911
1912
1915
1917
192111
192134
192669
192670
192683
1933
1936
1937
1938
1939
1942
1943
1944
1945
1946
1947
1948
1949
1950
1951
1952
1956
1958
195814
195828
1959
196
1960
196051
196074
1961
1962
196264
196294
196335
196385
1964
196403
196441
196463
1965
196513
196527
196528
1967
196743
